RUN	com.gatling.tests.DemoApi_ERP	demoapi-erp	1652210759406	 	3.6.1
USER	producto por codigo	START	1652210761111
USER	producto por codigo	START	1652210761290
USER	producto por codigo	START	1652210761293
USER	producto por codigo	START	1652210761317
USER	producto por codigo	START	1652210761319
USER	producto por codigo	START	1652210761321
USER	producto por codigo	START	1652210761118
USER	producto por codigo	START	1652210761327
USER	producto por codigo	START	1652210761330
USER	producto por codigo	START	1652210761332
USER	producto por codigo	START	1652210761334
USER	producto por codigo	START	1652210761337
USER	producto por codigo	START	1652210761336
USER	producto por codigo	START	1652210761341
USER	producto por codigo	START	1652210761342
USER	producto por codigo	START	1652210761344
USER	producto por codigo	START	1652210761345
USER	producto por codigo	START	1652210761343
USER	producto por codigo	START	1652210761347
USER	producto por codigo	START	1652210761347
USER	producto por codigo	START	1652210761350
USER	producto por codigo	START	1652210761355
USER	producto por codigo	START	1652210761355
USER	producto por codigo	START	1652210761358
USER	producto por codigo	START	1652210761358
USER	producto por codigo	START	1652210761361
USER	producto por codigo	START	1652210761361
USER	producto por codigo	START	1652210761362
USER	producto por codigo	START	1652210761363
USER	producto por codigo	START	1652210761364
USER	producto por codigo	START	1652210761117
USER	producto por codigo	START	1652210761365
USER	producto por codigo	START	1652210761366
USER	producto por codigo	START	1652210761117
USER	producto por codigo	START	1652210761368
USER	producto por codigo	START	1652210761369
USER	producto por codigo	START	1652210761364
USER	producto por codigo	START	1652210761371
USER	producto por codigo	START	1652210761372
USER	producto por codigo	START	1652210761120
USER	producto por codigo	START	1652210761373
USER	producto por codigo	START	1652210761374
USER	producto por codigo	START	1652210761367
USER	producto por codigo	START	1652210761377
USER	producto por codigo	START	1652210761119
USER	producto por codigo	START	1652210761378
USER	producto por codigo	START	1652210761380
USER	producto por codigo	START	1652210761381
USER	producto por codigo	START	1652210761383
USER	producto por codigo	START	1652210761385
USER	producto por codigo	START	1652210761117
USER	producto por codigo	START	1652210761387
USER	producto por codigo	START	1652210761372
USER	producto por codigo	START	1652210761369
USER	producto por codigo	START	1652210761382
USER	producto por codigo	START	1652210761114
USER	producto por codigo	START	1652210761390
USER	producto por codigo	START	1652210761391
USER	producto por codigo	START	1652210761392
USER	producto por codigo	START	1652210761391
USER	producto por codigo	START	1652210761394
USER	producto por codigo	START	1652210761395
USER	producto por codigo	START	1652210761395
USER	producto por codigo	START	1652210761397
USER	producto por codigo	START	1652210761397
USER	producto por codigo	START	1652210761395
USER	producto por codigo	START	1652210761399
USER	producto por codigo	START	1652210761400
USER	producto por codigo	START	1652210761401
USER	producto por codigo	START	1652210761401
USER	producto por codigo	START	1652210761403
USER	producto por codigo	START	1652210761404
USER	producto por codigo	START	1652210761405
USER	producto por codigo	START	1652210761407
USER	producto por codigo	START	1652210761405
USER	producto por codigo	START	1652210761409
USER	producto por codigo	START	1652210761411
USER	producto por codigo	START	1652210761412
USER	producto por codigo	START	1652210761414
USER	producto por codigo	START	1652210761416
USER	producto por codigo	START	1652210761417
USER	producto por codigo	START	1652210761419
USER	producto por codigo	START	1652210761421
USER	producto por codigo	START	1652210761422
USER	producto por codigo	START	1652210761424
USER	producto por codigo	START	1652210761426
USER	producto por codigo	START	1652210761427
USER	producto por codigo	START	1652210761429
USER	producto por codigo	START	1652210761430
USER	producto por codigo	START	1652210761432
USER	producto por codigo	START	1652210761375
USER	producto por codigo	START	1652210761434
USER	producto por codigo	START	1652210761390
USER	producto por codigo	START	1652210761376
USER	producto por codigo	START	1652210761391
USER	producto por codigo	START	1652210761438
USER	producto por codigo	START	1652210761392
USER	producto por codigo	START	1652210761398
USER	producto por codigo	START	1652210761438
USER	producto por codigo	START	1652210761439
USER	producto por codigo	START	1652210761441
USER	producto por codigo	START	1652210761441
USER	producto por codigo	START	1652210761442
USER	producto por codigo	START	1652210761442
USER	producto por codigo	START	1652210761443
USER	producto por codigo	START	1652210761444
USER	producto por codigo	START	1652210761446
USER	producto por codigo	START	1652210761446
USER	producto por codigo	START	1652210761447
USER	producto por codigo	START	1652210761448
USER	producto por codigo	START	1652210761447
USER	producto por codigo	START	1652210761439
USER	producto por codigo	START	1652210761451
USER	producto por codigo	START	1652210761408
USER	producto por codigo	START	1652210761453
USER	producto por codigo	START	1652210761454
USER	producto por codigo	START	1652210761453
USER	producto por codigo	START	1652210761456
USER	producto por codigo	START	1652210761457
USER	producto por codigo	START	1652210761456
USER	producto por codigo	START	1652210761460
USER	producto por codigo	START	1652210761458
USER	producto por codigo	START	1652210761449
USER	producto por codigo	START	1652210761465
USER	producto por codigo	START	1652210761467
USER	producto por codigo	START	1652210761469
USER	producto por codigo	START	1652210761470
USER	producto por codigo	START	1652210761472
USER	producto por codigo	START	1652210761473
USER	producto por codigo	START	1652210761484
USER	producto por codigo	START	1652210761464
USER	producto por codigo	START	1652210761435
USER	producto por codigo	START	1652210761488
USER	producto por codigo	START	1652210761489
USER	producto por codigo	START	1652210761491
USER	producto por codigo	START	1652210761461
USER	producto por codigo	START	1652210761494
USER	producto por codigo	START	1652210761496
USER	producto por codigo	START	1652210761498
USER	producto por codigo	START	1652210761502
USER	producto por codigo	START	1652210761443
USER	producto por codigo	START	1652210761503
USER	producto por codigo	START	1652210761503
USER	producto por codigo	START	1652210761504
USER	producto por codigo	START	1652210761505
USER	producto por codigo	START	1652210761505
USER	producto por codigo	START	1652210761507
USER	producto por codigo	START	1652210761509
USER	producto por codigo	START	1652210761511
USER	producto por codigo	START	1652210761441
USER	producto por codigo	START	1652210761512
USER	producto por codigo	START	1652210761513
USER	producto por codigo	START	1652210761514
USER	producto por codigo	START	1652210761514
USER	producto por codigo	START	1652210761515
USER	producto por codigo	START	1652210761518
USER	producto por codigo	START	1652210761519
USER	producto por codigo	START	1652210761521
USER	producto por codigo	START	1652210761522
USER	producto por codigo	START	1652210761523
USER	producto por codigo	START	1652210761525
USER	producto por codigo	START	1652210761488
USER	producto por codigo	START	1652210761515
USER	producto por codigo	START	1652210761527
USER	producto por codigo	START	1652210761528
USER	producto por codigo	START	1652210761536
USER	producto por codigo	START	1652210761492
USER	producto por codigo	START	1652210761539
USER	producto por codigo	START	1652210761462
USER	producto por codigo	START	1652210761542
USER	producto por codigo	START	1652210761541
USER	producto por codigo	START	1652210761539
USER	producto por codigo	START	1652210761489
USER	producto por codigo	START	1652210761553
USER	producto por codigo	START	1652210761512
USER	producto por codigo	START	1652210761555
USER	producto por codigo	START	1652210761557
USER	producto por codigo	START	1652210761559
USER	producto por codigo	START	1652210761560
USER	producto por codigo	START	1652210761526
USER	producto por codigo	START	1652210761562
USER	producto por codigo	START	1652210761528
USER	producto por codigo	START	1652210761563
USER	producto por codigo	START	1652210761564
USER	producto por codigo	START	1652210761565
USER	producto por codigo	START	1652210761546
USER	producto por codigo	START	1652210761570
USER	producto por codigo	START	1652210761572
USER	producto por codigo	START	1652210761566
USER	producto por codigo	START	1652210761574
USER	producto por codigo	START	1652210761575
USER	producto por codigo	START	1652210761552
USER	producto por codigo	START	1652210761577
USER	producto por codigo	START	1652210761553
USER	producto por codigo	START	1652210761578
USER	producto por codigo	START	1652210761554
USER	producto por codigo	START	1652210761580
USER	producto por codigo	START	1652210761578
USER	producto por codigo	START	1652210761563
USER	producto por codigo	START	1652210761565
USER	producto por codigo	START	1652210761586
USER	producto por codigo	START	1652210761585
USER	producto por codigo	START	1652210761575
USER	producto por codigo	START	1652210761587
USER	producto por codigo	START	1652210761588
USER	producto por codigo	START	1652210761588
USER	producto por codigo	START	1652210761578
USER	producto por codigo	START	1652210761590
USER	producto por codigo	START	1652210761591
USER	producto por codigo	START	1652210761587
USER	producto por codigo	START	1652210761594
USER	producto por codigo	START	1652210761580
USER	producto por codigo	START	1652210761594
USER	producto por codigo	START	1652210761596
USER	producto por codigo	START	1652210761582
USER	producto por codigo	START	1652210761597
USER	producto por codigo	START	1652210761586
USER	producto por codigo	START	1652210761590
USER	producto por codigo	START	1652210761593
USER	producto por codigo	START	1652210761601
USER	producto por codigo	START	1652210761592
USER	producto por codigo	START	1652210761601
USER	producto por codigo	START	1652210761603
USER	producto por codigo	START	1652210761596
USER	producto por codigo	START	1652210761598
USER	producto por codigo	START	1652210761605
USER	producto por codigo	START	1652210761606
USER	producto por codigo	START	1652210761606
USER	producto por codigo	START	1652210761607
USER	producto por codigo	START	1652210761604
USER	producto por codigo	START	1652210761608
USER	producto por codigo	START	1652210761608
USER	producto por codigo	START	1652210761607
USER	producto por codigo	START	1652210761609
USER	producto por codigo	START	1652210761610
USER	producto por codigo	START	1652210761604
USER	producto por codigo	START	1652210761613
USER	producto por codigo	START	1652210761614
USER	producto por codigo	START	1652210761616
USER	producto por codigo	START	1652210761618
USER	producto por codigo	START	1652210761608
USER	producto por codigo	START	1652210761619
USER	producto por codigo	START	1652210761604
USER	producto por codigo	START	1652210761612
USER	producto por codigo	START	1652210761620
USER	producto por codigo	START	1652210761620
USER	producto por codigo	START	1652210761621
USER	producto por codigo	START	1652210761621
USER	producto por codigo	START	1652210761622
USER	producto por codigo	START	1652210761622
USER	producto por codigo	START	1652210761624
USER	producto por codigo	START	1652210761605
USER	producto por codigo	START	1652210761625
USER	producto por codigo	START	1652210761625
USER	producto por codigo	START	1652210761626
USER	producto por codigo	START	1652210761627
USER	producto por codigo	START	1652210761628
USER	producto por codigo	START	1652210761629
USER	producto por codigo	START	1652210761623
USER	producto por codigo	START	1652210761631
USER	producto por codigo	START	1652210761631
USER	producto por codigo	START	1652210761632
USER	producto por codigo	START	1652210761609
USER	producto por codigo	START	1652210761634
USER	producto por codigo	START	1652210761635
USER	producto por codigo	START	1652210761636
USER	producto por codigo	START	1652210761621
USER	producto por codigo	START	1652210761637
USER	producto por codigo	START	1652210761637
USER	producto por codigo	START	1652210761638
USER	producto por codigo	START	1652210761638
USER	producto por codigo	START	1652210761640
USER	producto por codigo	START	1652210761640
USER	producto por codigo	START	1652210761623
USER	producto por codigo	START	1652210761641
USER	producto por codigo	START	1652210761641
USER	producto por codigo	START	1652210761642
USER	producto por codigo	START	1652210761642
USER	producto por codigo	START	1652210761643
USER	producto por codigo	START	1652210761644
USER	producto por codigo	START	1652210761636
USER	producto por codigo	START	1652210761627
USER	producto por codigo	START	1652210761634
USER	producto por codigo	START	1652210761644
USER	producto por codigo	START	1652210761645
USER	producto por codigo	START	1652210761646
USER	producto por codigo	START	1652210761643
USER	producto por codigo	START	1652210761646
USER	producto por codigo	START	1652210761647
USER	producto por codigo	START	1652210761647
USER	producto por codigo	START	1652210761649
USER	producto por codigo	START	1652210761650
USER	producto por codigo	START	1652210761645
USER	producto por codigo	START	1652210761651
USER	producto por codigo	START	1652210761652
USER	producto por codigo	START	1652210761655
USER	producto por codigo	START	1652210761645
USER	producto por codigo	START	1652210761656
USER	producto por codigo	START	1652210761646
USER	producto por codigo	START	1652210761657
USER	producto por codigo	START	1652210761652
USER	producto por codigo	START	1652210761659
USER	producto por codigo	START	1652210761657
USER	producto por codigo	START	1652210761659
USER	producto por codigo	START	1652210761660
USER	producto por codigo	START	1652210761661
USER	producto por codigo	START	1652210761662
USER	producto por codigo	START	1652210761663
USER	producto por codigo	START	1652210761665
USER	producto por codigo	START	1652210761666
USER	producto por codigo	START	1652210761675
USER	producto por codigo	START	1652210761682
USER	producto por codigo	START	1652210761685
USER	producto por codigo	START	1652210761437
USER	producto por codigo	START	1652210761688
USER	producto por codigo	START	1652210761704
USER	producto por codigo	START	1652210761599
USER	producto por codigo	START	1652210761738
USER	producto por codigo	START	1652210761745
USER	producto por codigo	START	1652210761723
USER	producto por codigo	START	1652210761648
USER	producto por codigo	START	1652210761658
USER	producto por codigo	START	1652210761659
USER	producto por codigo	START	1652210761755
USER	producto por codigo	START	1652210761660
USER	producto por codigo	START	1652210761756
USER	producto por codigo	START	1652210761757
USER	producto por codigo	START	1652210761758
USER	producto por codigo	START	1652210761759
USER	producto por codigo	START	1652210761762
USER	producto por codigo	START	1652210761757
USER	producto por codigo	START	1652210761763
USER	producto por codigo	START	1652210761774
USER	producto por codigo	START	1652210761776
USER	producto por codigo	START	1652210761777
USER	producto por codigo	START	1652210761777
USER	producto por codigo	START	1652210761778
USER	producto por codigo	START	1652210761779
USER	producto por codigo	START	1652210761651
USER	producto por codigo	START	1652210761780
USER	producto por codigo	START	1652210761751
USER	producto por codigo	START	1652210761781
USER	producto por codigo	START	1652210761783
USER	producto por codigo	START	1652210761785
USER	producto por codigo	START	1652210761753
USER	producto por codigo	START	1652210761785
USER	producto por codigo	START	1652210761786
USER	producto por codigo	START	1652210761787
USER	producto por codigo	START	1652210761788
USER	producto por codigo	START	1652210761789
USER	producto por codigo	START	1652210761755
USER	producto por codigo	START	1652210761790
USER	producto por codigo	START	1652210761778
USER	producto por codigo	START	1652210761790
USER	producto por codigo	START	1652210761764
USER	producto por codigo	START	1652210761791
USER	producto por codigo	START	1652210761793
USER	producto por codigo	START	1652210761794
USER	producto por codigo	START	1652210761793
USER	producto por codigo	START	1652210761795
USER	producto por codigo	START	1652210761795
USER	producto por codigo	START	1652210761780
USER	producto por codigo	START	1652210761796
USER	producto por codigo	START	1652210761781
USER	producto por codigo	START	1652210761799
USER	producto por codigo	START	1652210761687
USER	producto por codigo	START	1652210761789
USER	producto por codigo	START	1652210761803
USER	producto por codigo	START	1652210761804
USER	producto por codigo	START	1652210761803
USER	producto por codigo	START	1652210761806
USER	producto por codigo	START	1652210761809
USER	producto por codigo	START	1652210761811
USER	producto por codigo	START	1652210761812
USER	producto por codigo	START	1652210761813
USER	producto por codigo	START	1652210761815
USER	producto por codigo	START	1652210761817
USER	producto por codigo	START	1652210761818
USER	producto por codigo	START	1652210761820
USER	producto por codigo	START	1652210761821
USER	producto por codigo	START	1652210761790
USER	producto por codigo	START	1652210761827
USER	producto por codigo	START	1652210761828
USER	producto por codigo	START	1652210761830
USER	producto por codigo	START	1652210761831
USER	producto por codigo	START	1652210761834
USER	producto por codigo	START	1652210761802
USER	producto por codigo	START	1652210761836
USER	producto por codigo	START	1652210761838
USER	producto por codigo	START	1652210761791
USER	producto por codigo	START	1652210761840
USER	producto por codigo	START	1652210761841
USER	producto por codigo	START	1652210761842
USER	producto por codigo	START	1652210761835
USER	producto por codigo	START	1652210761843
USER	producto por codigo	START	1652210761839
USER	producto por codigo	START	1652210761838
USER	producto por codigo	START	1652210761846
USER	producto por codigo	START	1652210761796
USER	producto por codigo	START	1652210761847
USER	producto por codigo	START	1652210761848
USER	producto por codigo	START	1652210761795
USER	producto por codigo	START	1652210761850
USER	producto por codigo	START	1652210761797
USER	producto por codigo	START	1652210761851
USER	producto por codigo	START	1652210761843
USER	producto por codigo	START	1652210761852
USER	producto por codigo	START	1652210761854
USER	producto por codigo	START	1652210761854
USER	producto por codigo	START	1652210761855
USER	producto por codigo	START	1652210761856
USER	producto por codigo	START	1652210761857
USER	producto por codigo	START	1652210761857
USER	producto por codigo	START	1652210761858
USER	producto por codigo	START	1652210761845
USER	producto por codigo	START	1652210761859
USER	producto por codigo	START	1652210761848
USER	producto por codigo	START	1652210761849
USER	producto por codigo	START	1652210761860
USER	producto por codigo	START	1652210761860
USER	producto por codigo	START	1652210761851
USER	producto por codigo	START	1652210761858
USER	producto por codigo	START	1652210761862
USER	producto por codigo	START	1652210761860
USER	producto por codigo	START	1652210761863
USER	producto por codigo	START	1652210761862
USER	producto por codigo	START	1652210761862
USER	producto por codigo	START	1652210761863
USER	producto por codigo	START	1652210761864
USER	producto por codigo	START	1652210761860
USER	producto por codigo	START	1652210761864
USER	producto por codigo	START	1652210761865
USER	producto por codigo	START	1652210761865
USER	producto por codigo	START	1652210761866
USER	producto por codigo	START	1652210761863
USER	producto por codigo	START	1652210761860
USER	producto por codigo	START	1652210761867
USER	producto por codigo	START	1652210761865
USER	producto por codigo	START	1652210761863
USER	producto por codigo	START	1652210761866
USER	producto por codigo	START	1652210761868
USER	producto por codigo	START	1652210761869
USER	producto por codigo	START	1652210761869
USER	producto por codigo	START	1652210761873
USER	producto por codigo	START	1652210761874
USER	producto por codigo	START	1652210761875
USER	producto por codigo	START	1652210761877
USER	producto por codigo	START	1652210761879
USER	producto por codigo	START	1652210761880
USER	producto por codigo	START	1652210761884
USER	producto por codigo	START	1652210761886
USER	producto por codigo	START	1652210761887
USER	producto por codigo	START	1652210761891
USER	producto por codigo	START	1652210761867
USER	producto por codigo	START	1652210761895
USER	producto por codigo	START	1652210761899
USER	producto por codigo	START	1652210761902
USER	producto por codigo	START	1652210761868
USER	producto por codigo	START	1652210761903
USER	producto por codigo	START	1652210761903
USER	producto por codigo	START	1652210761903
USER	producto por codigo	START	1652210761904
USER	producto por codigo	START	1652210761905
USER	producto por codigo	START	1652210761906
USER	producto por codigo	START	1652210761908
USER	producto por codigo	START	1652210761909
USER	producto por codigo	START	1652210761910
USER	producto por codigo	START	1652210761911
USER	producto por codigo	START	1652210761914
USER	producto por codigo	START	1652210761867
USER	producto por codigo	START	1652210761918
USER	producto por codigo	START	1652210761920
USER	producto por codigo	START	1652210761920
USER	producto por codigo	START	1652210761921
USER	producto por codigo	START	1652210761921
USER	producto por codigo	START	1652210761922
USER	producto por codigo	START	1652210761923
USER	producto por codigo	START	1652210761924
USER	producto por codigo	START	1652210761926
USER	producto por codigo	START	1652210761928
USER	producto por codigo	START	1652210761928
USER	producto por codigo	START	1652210761919
USER	producto por codigo	START	1652210761930
USER	producto por codigo	START	1652210761930
USER	producto por codigo	START	1652210761930
USER	producto por codigo	START	1652210761931
USER	producto por codigo	START	1652210761931
USER	producto por codigo	START	1652210761934
USER	producto por codigo	START	1652210761936
USER	producto por codigo	START	1652210761936
USER	producto por codigo	START	1652210761937
USER	producto por codigo	START	1652210761938
USER	producto por codigo	START	1652210761939
USER	producto por codigo	START	1652210761940
USER	producto por codigo	START	1652210761941
USER	producto por codigo	START	1652210761942
USER	producto por codigo	START	1652210761943
USER	producto por codigo	START	1652210761944
USER	producto por codigo	START	1652210761945
USER	producto por codigo	START	1652210761947
REQUEST		producto	1652210761514	1652210763228	OK	 
REQUEST		producto	1652210761291	1652210763218	OK	 
USER	producto por codigo	END	1652210763271
USER	producto por codigo	END	1652210763274
REQUEST		producto	1652210761513	1652210763276	OK	 
USER	producto por codigo	END	1652210763278
REQUEST		producto	1652210761515	1652210763279	OK	 
USER	producto por codigo	END	1652210763280
REQUEST		producto	1652210761589	1652210763280	OK	 
USER	producto por codigo	END	1652210763281
REQUEST		producto	1652210761651	1652210763282	OK	 
USER	producto por codigo	END	1652210763284
REQUEST		producto	1652210761635	1652210763354	OK	 
USER	producto por codigo	END	1652210763355
REQUEST		producto	1652210761321	1652210763366	OK	 
USER	producto por codigo	END	1652210763368
REQUEST		producto	1652210761281	1652210763403	OK	 
USER	producto por codigo	END	1652210763404
REQUEST		producto	1652210761662	1652210763421	OK	 
USER	producto por codigo	END	1652210763424
REQUEST		producto	1652210761342	1652210763441	OK	 
USER	producto por codigo	END	1652210763442
REQUEST		producto	1652210761444	1652210763462	OK	 
USER	producto por codigo	END	1652210763463
REQUEST		producto	1652210761607	1652210763493	OK	 
USER	producto por codigo	END	1652210763494
REQUEST		producto	1652210761333	1652210763502	OK	 
USER	producto por codigo	END	1652210763504
REQUEST		producto	1652210761338	1652210763560	OK	 
USER	producto por codigo	END	1652210763562
REQUEST		producto	1652210761328	1652210763568	OK	 
USER	producto por codigo	END	1652210763569
REQUEST		producto	1652210761663	1652210763671	OK	 
USER	producto por codigo	END	1652210763672
REQUEST		producto	1652210761281	1652210763793	OK	 
USER	producto por codigo	END	1652210763794
REQUEST		producto	1652210761337	1652210763839	OK	 
USER	producto por codigo	END	1652210763840
REQUEST		producto	1652210761320	1652210763869	OK	 
USER	producto por codigo	END	1652210763870
REQUEST		producto	1652210761343	1652210763934	OK	 
USER	producto por codigo	END	1652210763935
REQUEST		producto	1652210761434	1652210763978	OK	 
USER	producto por codigo	END	1652210763979
REQUEST		producto	1652210761342	1652210764007	OK	 
USER	producto por codigo	END	1652210764008
REQUEST		producto	1652210761373	1652210764087	OK	 
USER	producto por codigo	END	1652210764088
REQUEST		producto	1652210761660	1652210764266	OK	 
USER	producto por codigo	END	1652210764268
REQUEST		producto	1652210761344	1652210764274	OK	 
USER	producto por codigo	END	1652210764275
REQUEST		producto	1652210761504	1652210764292	OK	 
USER	producto por codigo	END	1652210764294
REQUEST		producto	1652210761653	1652210764296	OK	 
USER	producto por codigo	END	1652210764297
REQUEST		producto	1652210761601	1652210764322	OK	 
USER	producto por codigo	END	1652210764323
REQUEST		producto	1652210761357	1652210764446	OK	 
USER	producto por codigo	END	1652210764447
REQUEST		producto	1652210761365	1652210764465	OK	 
USER	producto por codigo	END	1652210764466
REQUEST		producto	1652210761655	1652210764514	OK	 
USER	producto por codigo	END	1652210764516
REQUEST		producto	1652210761347	1652210764643	OK	 
USER	producto por codigo	END	1652210764644
REQUEST		producto	1652210761366	1652210764670	OK	 
USER	producto por codigo	END	1652210764671
REQUEST		producto	1652210761361	1652210764692	OK	 
USER	producto por codigo	END	1652210764693
REQUEST		producto	1652210761349	1652210764714	OK	 
USER	producto por codigo	END	1652210764715
REQUEST		producto	1652210761374	1652210764729	OK	 
USER	producto por codigo	END	1652210764730
REQUEST		producto	1652210761279	1652210764771	OK	 
USER	producto por codigo	END	1652210764773
REQUEST		producto	1652210761392	1652210764810	OK	 
USER	producto por codigo	END	1652210764811
REQUEST		producto	1652210761385	1652210764896	OK	 
USER	producto por codigo	END	1652210764897
REQUEST		producto	1652210761396	1652210764907	OK	 
USER	producto por codigo	END	1652210764908
REQUEST		producto	1652210761335	1652210764932	OK	 
USER	producto por codigo	END	1652210764932
REQUEST		producto	1652210761362	1652210764941	OK	 
USER	producto por codigo	END	1652210764942
REQUEST		producto	1652210761363	1652210764947	OK	 
USER	producto por codigo	END	1652210764948
REQUEST		producto	1652210761367	1652210764986	OK	 
USER	producto por codigo	END	1652210764987
REQUEST		producto	1652210761387	1652210765033	OK	 
USER	producto por codigo	END	1652210765034
REQUEST		producto	1652210761407	1652210765050	OK	 
USER	producto por codigo	END	1652210765052
REQUEST		producto	1652210761364	1652210765073	OK	 
USER	producto por codigo	END	1652210765074
REQUEST		producto	1652210761281	1652210765088	OK	 
USER	producto por codigo	END	1652210765088
REQUEST		producto	1652210761377	1652210765106	OK	 
USER	producto por codigo	END	1652210765106
REQUEST		producto	1652210761384	1652210765120	OK	 
USER	producto por codigo	END	1652210765121
REQUEST		producto	1652210761400	1652210765197	OK	 
USER	producto por codigo	END	1652210765199
REQUEST		producto	1652210761355	1652210765200	OK	 
USER	producto por codigo	END	1652210765201
REQUEST		producto	1652210761331	1652210765210	OK	 
USER	producto por codigo	END	1652210765212
REQUEST		producto	1652210761359	1652210765239	OK	 
USER	producto por codigo	END	1652210765240
REQUEST		producto	1652210761398	1652210765274	OK	 
USER	producto por codigo	END	1652210765275
REQUEST		producto	1652210761785	1652210765295	OK	 
USER	producto por codigo	END	1652210765296
REQUEST		producto	1652210761280	1652210765313	OK	 
USER	producto por codigo	END	1652210765314
REQUEST		producto	1652210761400	1652210765336	OK	 
USER	producto por codigo	END	1652210765336
REQUEST		producto	1652210761318	1652210765342	OK	 
USER	producto por codigo	END	1652210765342
REQUEST		producto	1652210761659	1652210765348	OK	 
USER	producto por codigo	END	1652210765349
REQUEST		producto	1652210761406	1652210765447	OK	 
USER	producto por codigo	END	1652210765448
REQUEST		producto	1652210761664	1652210765455	OK	 
USER	producto por codigo	END	1652210765456
REQUEST		producto	1652210761363	1652210765470	OK	 
USER	producto por codigo	END	1652210765472
REQUEST		producto	1652210761685	1652210765482	OK	 
USER	producto por codigo	END	1652210765483
REQUEST		producto	1652210761351	1652210765494	OK	 
USER	producto por codigo	END	1652210765495
REQUEST		producto	1652210761358	1652210765554	OK	 
USER	producto por codigo	END	1652210765555
REQUEST		producto	1652210761436	1652210765565	OK	 
USER	producto por codigo	END	1652210765566
REQUEST		producto	1652210761345	1652210765665	OK	 
USER	producto por codigo	END	1652210765666
REQUEST		producto	1652210761586	1652210765699	OK	 
USER	producto por codigo	END	1652210765701
REQUEST		producto	1652210761294	1652210765751	OK	 
USER	producto por codigo	END	1652210765753
REQUEST		producto	1652210761806	1652210765769	OK	 
USER	producto por codigo	END	1652210765770
REQUEST		producto	1652210761838	1652210765787	OK	 
USER	producto por codigo	END	1652210765788
REQUEST		producto	1652210761581	1652210765799	OK	 
USER	producto por codigo	END	1652210765800
REQUEST		producto	1652210761553	1652210765819	OK	 
USER	producto por codigo	END	1652210765820
REQUEST		producto	1652210761409	1652210765829	OK	 
USER	producto por codigo	END	1652210765830
REQUEST		producto	1652210761391	1652210765958	OK	 
USER	producto por codigo	END	1652210765959
REQUEST		producto	1652210761683	1652210766029	OK	 
USER	producto por codigo	END	1652210766030
REQUEST		producto	1652210761595	1652210766054	OK	 
USER	producto por codigo	END	1652210766055
REQUEST		producto	1652210761552	1652210766072	OK	 
USER	producto por codigo	END	1652210766073
REQUEST		producto	1652210761402	1652210766117	OK	 
USER	producto por codigo	END	1652210766118
REQUEST		producto	1652210761381	1652210766130	OK	 
USER	producto por codigo	END	1652210766131
REQUEST		producto	1652210761594	1652210766150	OK	 
USER	producto por codigo	END	1652210766151
REQUEST		producto	1652210761840	1652210766319	OK	 
USER	producto por codigo	END	1652210766320
REQUEST		producto	1652210761521	1652210766425	OK	 
USER	producto por codigo	END	1652210766426
REQUEST		producto	1652210761383	1652210766486	OK	 
USER	producto por codigo	END	1652210766487
REQUEST		producto	1652210761379	1652210766498	OK	 
USER	producto por codigo	END	1652210766498
REQUEST		producto	1652210761495	1652210766509	OK	 
USER	producto por codigo	END	1652210766510
REQUEST		producto	1652210761593	1652210766523	OK	 
USER	producto por codigo	END	1652210766524
REQUEST		producto	1652210761455	1652210766534	OK	 
USER	producto por codigo	END	1652210766535
REQUEST		producto	1652210761604	1652210766543	OK	 
USER	producto por codigo	END	1652210766543
REQUEST		producto	1652210761408	1652210766569	OK	 
USER	producto por codigo	END	1652210766570
REQUEST		producto	1652210761862	1652210766575	OK	 
USER	producto por codigo	END	1652210766577
REQUEST		producto	1652210761514	1652210766590	OK	 
USER	producto por codigo	END	1652210766591
REQUEST		producto	1652210761522	1652210766601	OK	 
USER	producto por codigo	END	1652210766602
REQUEST		producto	1652210761390	1652210766611	OK	 
USER	producto por codigo	END	1652210766612
REQUEST		producto	1652210761524	1652210766864	OK	 
USER	producto por codigo	END	1652210766865
REQUEST		producto	1652210761403	1652210766875	OK	 
USER	producto por codigo	END	1652210766876
REQUEST		producto	1652210761562	1652210766893	OK	 
USER	producto por codigo	END	1652210766894
REQUEST		producto	1652210761620	1652210766901	OK	 
USER	producto por codigo	END	1652210766902
REQUEST		producto	1652210761458	1652210766911	OK	 
USER	producto por codigo	END	1652210766912
REQUEST		producto	1652210761432	1652210766932	OK	 
USER	producto por codigo	END	1652210766933
REQUEST		producto	1652210761866	1652210766944	OK	 
USER	producto por codigo	END	1652210766945
REQUEST		producto	1652210761850	1652210767010	OK	 
USER	producto por codigo	END	1652210767010
REQUEST		producto	1652210761604	1652210767017	OK	 
USER	producto por codigo	END	1652210767018
REQUEST		producto	1652210761846	1652210767026	OK	 
USER	producto por codigo	END	1652210767027
REQUEST		producto	1652210761606	1652210767038	OK	 
USER	producto por codigo	END	1652210767039
REQUEST		producto	1652210761610	1652210767051	OK	 
USER	producto por codigo	END	1652210767052
REQUEST		producto	1652210761380	1652210767064	OK	 
USER	producto por codigo	END	1652210767064
REQUEST		producto	1652210761605	1652210767075	OK	 
USER	producto por codigo	END	1652210767075
REQUEST		producto	1652210761392	1652210767155	OK	 
USER	producto por codigo	END	1652210767157
REQUEST		producto	1652210761493	1652210767166	OK	 
USER	producto por codigo	END	1652210767167
REQUEST		producto	1652210761525	1652210767173	OK	 
USER	producto por codigo	END	1652210767175
REQUEST		producto	1652210761410	1652210767195	OK	 
USER	producto por codigo	END	1652210767196
REQUEST		producto	1652210761460	1652210767294	OK	 
USER	producto por codigo	END	1652210767295
REQUEST		producto	1652210761608	1652210767317	OK	 
USER	producto por codigo	END	1652210767319
REQUEST		producto	1652210761614	1652210767332	OK	 
USER	producto por codigo	END	1652210767333
REQUEST		producto	1652210761494	1652210767364	OK	 
USER	producto por codigo	END	1652210767366
REQUEST		producto	1652210761497	1652210767379	OK	 
USER	producto por codigo	END	1652210767380
REQUEST		producto	1652210761630	1652210767508	OK	 
USER	producto por codigo	END	1652210767509
REQUEST		producto	1652210761621	1652210767528	OK	 
USER	producto por codigo	END	1652210767529
REQUEST		producto	1652210761865	1652210767643	OK	 
USER	producto por codigo	END	1652210767644
REQUEST		producto	1652210761377	1652210767674	OK	 
USER	producto por codigo	END	1652210767675
REQUEST		producto	1652210761611	1652210767693	OK	 
USER	producto por codigo	END	1652210767693
REQUEST		producto	1652210761415	1652210767726	OK	 
USER	producto por codigo	END	1652210767727
REQUEST		producto	1652210761513	1652210767830	OK	 
USER	producto por codigo	END	1652210767831
REQUEST		producto	1652210761438	1652210767928	OK	 
USER	producto por codigo	END	1652210767929
REQUEST		producto	1652210761867	1652210767936	OK	 
USER	producto por codigo	END	1652210767937
REQUEST		producto	1652210761280	1652210768133	OK	 
USER	producto por codigo	END	1652210768134
REQUEST		producto	1652210761631	1652210768139	OK	 
USER	producto por codigo	END	1652210768140
REQUEST		producto	1652210761635	1652210768158	OK	 
USER	producto por codigo	END	1652210768160
REQUEST		producto	1652210761450	1652210768184	OK	 
USER	producto por codigo	END	1652210768186
REQUEST		producto	1652210761447	1652210768187	OK	 
USER	producto por codigo	END	1652210768188
REQUEST		producto	1652210761623	1652210768225	OK	 
USER	producto por codigo	END	1652210768225
REQUEST		producto	1652210761636	1652210768237	OK	 
USER	producto por codigo	END	1652210768238
REQUEST		producto	1652210761446	1652210768251	OK	 
USER	producto por codigo	END	1652210768253
REQUEST		producto	1652210761498	1652210768271	OK	 
USER	producto por codigo	END	1652210768272
REQUEST		producto	1652210761938	1652210768295	OK	 
USER	producto por codigo	END	1652210768295
REQUEST		producto	1652210761438	1652210768411	OK	 
USER	producto por codigo	END	1652210768412
REQUEST		producto	1652210761502	1652210768460	OK	 
USER	producto por codigo	END	1652210768461
REQUEST		producto	1652210761449	1652210768493	OK	 
USER	producto por codigo	END	1652210768493
REQUEST		producto	1652210761452	1652210768499	OK	 
USER	producto por codigo	END	1652210768500
REQUEST		producto	1652210761638	1652210768516	OK	 
USER	producto por codigo	END	1652210768517
REQUEST		producto	1652210761515	1652210768551	OK	 
USER	producto por codigo	END	1652210768552
REQUEST		producto	1652210761919	1652210768558	OK	 
USER	producto por codigo	END	1652210768559
REQUEST		producto	1652210761633	1652210768626	OK	 
USER	producto por codigo	END	1652210768626
REQUEST		producto	1652210761931	1652210768637	OK	 
USER	producto por codigo	END	1652210768638
REQUEST		producto	1652210761375	1652210768655	OK	 
USER	producto por codigo	END	1652210768656
REQUEST		producto	1652210761442	1652210768667	OK	 
USER	producto por codigo	END	1652210768669
REQUEST		producto	1652210761642	1652210768685	OK	 
USER	producto por codigo	END	1652210768687
REQUEST		producto	1652210761519	1652210768718	OK	 
USER	producto por codigo	END	1652210768720
REQUEST		producto	1652210761439	1652210768738	OK	 
USER	producto por codigo	END	1652210768739
REQUEST		producto	1652210761937	1652210768753	OK	 
USER	producto por codigo	END	1652210768754
REQUEST		producto	1652210761456	1652210768863	OK	 
USER	producto por codigo	END	1652210768864
REQUEST		producto	1652210761465	1652210768897	OK	 
USER	producto por codigo	END	1652210768898
REQUEST		producto	1652210761518	1652210768965	OK	 
USER	producto por codigo	END	1652210768966
REQUEST		producto	1652210761441	1652210768997	OK	 
USER	producto por codigo	END	1652210768998
REQUEST		producto	1652210761467	1652210769014	OK	 
USER	producto por codigo	END	1652210769014
REQUEST		producto	1652210761598	1652210769050	OK	 
USER	producto por codigo	END	1652210769051
REQUEST		producto	1652210761645	1652210769062	OK	 
USER	producto por codigo	END	1652210769063
REQUEST		producto	1652210761464	1652210769164	OK	 
USER	producto por codigo	END	1652210769165
REQUEST		producto	1652210761459	1652210769174	OK	 
USER	producto por codigo	END	1652210769175
REQUEST		producto	1652210761457	1652210769264	OK	 
USER	producto por codigo	END	1652210769264
REQUEST		producto	1652210761585	1652210769308	OK	 
USER	producto por codigo	END	1652210769309
REQUEST		producto	1652210761602	1652210769327	OK	 
USER	producto por codigo	END	1652210769328
REQUEST		producto	1652210761847	1652210769334	OK	 
USER	producto por codigo	END	1652210769335
REQUEST		producto	1652210761420	1652210769345	OK	 
USER	producto por codigo	END	1652210769345
REQUEST		producto	1652210761848	1652210769365	OK	 
USER	producto por codigo	END	1652210769366
REQUEST		producto	1652210761472	1652210769519	OK	 
USER	producto por codigo	END	1652210769520
REQUEST		producto	1652210761646	1652210769549	OK	 
USER	producto por codigo	END	1652210769550
REQUEST		producto	1652210761778	1652210769567	OK	 
USER	producto por codigo	END	1652210769568
REQUEST		producto	1652210761526	1652210769577	OK	 
USER	producto por codigo	END	1652210769578
REQUEST		producto	1652210761621	1652210769753	OK	 
USER	producto por codigo	END	1652210769753
REQUEST		producto	1652210761416	1652210769851	OK	 
USER	producto por codigo	END	1652210769852
REQUEST		producto	1652210761469	1652210769895	OK	 
USER	producto por codigo	END	1652210769896
REQUEST		producto	1652210761453	1652210769972	OK	 
USER	producto por codigo	END	1652210769972
REQUEST		producto	1652210761572	1652210770029	OK	 
USER	producto por codigo	END	1652210770029
REQUEST		producto	1652210761541	1652210770038	OK	 
USER	producto por codigo	END	1652210770039
REQUEST		producto	1652210761538	1652210770066	OK	 
USER	producto por codigo	END	1652210770066
REQUEST		producto	1652210761423	1652210770090	OK	 
USER	producto por codigo	END	1652210770092
REQUEST		producto	1652210761861	1652210770106	OK	 
USER	producto por codigo	END	1652210770106
REQUEST		producto	1652210761579	1652210770120	OK	 
USER	producto por codigo	END	1652210770121
REQUEST		producto	1652210761553	1652210770187	OK	 
USER	producto por codigo	END	1652210770188
REQUEST		producto	1652210761571	1652210770252	OK	 
USER	producto por codigo	END	1652210770253
REQUEST		producto	1652210761551	1652210770288	OK	 
USER	producto por codigo	END	1652210770289
REQUEST		producto	1652210761539	1652210770309	OK	 
USER	producto por codigo	END	1652210770310
REQUEST		producto	1652210761527	1652210770402	OK	 
USER	producto por codigo	END	1652210770404
REQUEST		producto	1652210761483	1652210770415	OK	 
USER	producto por codigo	END	1652210770416
REQUEST		producto	1652210761484	1652210770456	OK	 
USER	producto por codigo	END	1652210770457
REQUEST		producto	1652210761576	1652210770502	OK	 
USER	producto por codigo	END	1652210770503
REQUEST		producto	1652210761579	1652210770547	OK	 
USER	producto por codigo	END	1652210770580
REQUEST		producto	1652210761528	1652210770586	OK	 
USER	producto por codigo	END	1652210770588
REQUEST		producto	1652210761640	1652210770605	OK	 
USER	producto por codigo	END	1652210770606
REQUEST		producto	1652210761638	1652210770611	OK	 
USER	producto por codigo	END	1652210770612
REQUEST		producto	1652210761471	1652210770622	OK	 
USER	producto por codigo	END	1652210770623
REQUEST		producto	1652210761543	1652210770654	OK	 
USER	producto por codigo	END	1652210770654
REQUEST		producto	1652210761607	1652210770663	OK	 
USER	producto por codigo	END	1652210770664
REQUEST		producto	1652210761606	1652210770684	OK	 
USER	producto por codigo	END	1652210770685
REQUEST		producto	1652210761577	1652210770728	OK	 
USER	producto por codigo	END	1652210770728
REQUEST		producto	1652210761580	1652210770740	OK	 
USER	producto por codigo	END	1652210770741
REQUEST		producto	1652210761622	1652210770879	OK	 
USER	producto por codigo	END	1652210770879
REQUEST		producto	1652210761584	1652210770947	OK	 
USER	producto por codigo	END	1652210770948
REQUEST		producto	1652210761596	1652210771080	OK	 
USER	producto por codigo	END	1652210771081
REQUEST		producto	1652210761620	1652210771087	OK	 
USER	producto por codigo	END	1652210771087
REQUEST		producto	1652210761581	1652210771160	OK	 
USER	producto por codigo	END	1652210771161
REQUEST		producto	1652210761421	1652210771167	OK	 
USER	producto por codigo	END	1652210771168
REQUEST		producto	1652210761608	1652210771184	OK	 
USER	producto por codigo	END	1652210771185
REQUEST		producto	1652210761418	1652210771201	OK	 
USER	producto por codigo	END	1652210771203
REQUEST		producto	1652210761782	1652210771262	OK	 
USER	producto por codigo	END	1652210771263
REQUEST		producto	1652210761600	1652210771291	OK	 
USER	producto por codigo	END	1652210771292
REQUEST		producto	1652210761628	1652210771295	OK	 
USER	producto por codigo	END	1652210771296
REQUEST		producto	1652210761644	1652210771435	OK	 
USER	producto por codigo	END	1652210771437
REQUEST		producto	1652210761783	1652210771501	OK	 
USER	producto por codigo	END	1652210771502
REQUEST		producto	1652210761643	1652210771606	OK	 
USER	producto por codigo	END	1652210771607
REQUEST		producto	1652210761652	1652210771625	OK	 
USER	producto por codigo	END	1652210771625
REQUEST		producto	1652210761756	1652210771634	OK	 
USER	producto por codigo	END	1652210771634
REQUEST		producto	1652210761599	1652210771666	OK	 
USER	producto por codigo	END	1652210771667
REQUEST		producto	1652210761597	1652210771684	OK	 
USER	producto por codigo	END	1652210771685
REQUEST		producto	1652210761649	1652210771771	OK	 
USER	producto por codigo	END	1652210771772
REQUEST		producto	1652210761610	1652210771831	OK	 
USER	producto por codigo	END	1652210771832
REQUEST		producto	1652210761505	1652210771842	OK	 
USER	producto por codigo	END	1652210771843
REQUEST		producto	1652210761644	1652210771937	OK	 
USER	producto por codigo	END	1652210771939
REQUEST		producto	1652210761656	1652210772044	OK	 
USER	producto por codigo	END	1652210772045
REQUEST		producto	1652210761868	1652210772055	OK	 
USER	producto por codigo	END	1652210772055
REQUEST		producto	1652210761506	1652210772069	OK	 
USER	producto por codigo	END	1652210772069
REQUEST		producto	1652210761752	1652210772076	OK	 
USER	producto por codigo	END	1652210772077
REQUEST		producto	1652210761757	1652210772124	OK	 
USER	producto por codigo	END	1652210772125
REQUEST		producto	1652210761624	1652210772151	OK	 
USER	producto por codigo	END	1652210772152
REQUEST		producto	1652210761643	1652210772164	OK	 
USER	producto por codigo	END	1652210772165
REQUEST		producto	1652210761658	1652210772179	OK	 
USER	producto por codigo	END	1652210772180
REQUEST		producto	1652210761639	1652210772266	OK	 
USER	producto por codigo	END	1652210772267
REQUEST		producto	1652210761868	1652210772327	OK	 
USER	producto por codigo	END	1652210772328
REQUEST		producto	1652210761504	1652210772364	OK	 
USER	producto por codigo	END	1652210772365
REQUEST		producto	1652210761651	1652210772374	OK	 
USER	producto por codigo	END	1652210772375
REQUEST		producto	1652210761757	1652210772405	OK	 
USER	producto por codigo	END	1652210772407
REQUEST		producto	1652210761511	1652210772422	OK	 
USER	producto por codigo	END	1652210772423
REQUEST		producto	1652210761739	1652210772433	OK	 
USER	producto por codigo	END	1652210772433
REQUEST		producto	1652210761757	1652210772443	OK	 
USER	producto por codigo	END	1652210772444
REQUEST		producto	1652210761425	1652210772455	OK	 
USER	producto por codigo	END	1652210772456
REQUEST		producto	1652210761641	1652210772470	OK	 
USER	producto por codigo	END	1652210772471
REQUEST		producto	1652210761755	1652210772518	OK	 
USER	producto por codigo	END	1652210772519
REQUEST		producto	1652210761657	1652210772564	OK	 
USER	producto por codigo	END	1652210772565
REQUEST		producto	1652210761510	1652210772709	OK	 
USER	producto por codigo	END	1652210772710
REQUEST		producto	1652210761426	1652210772799	OK	 
USER	producto por codigo	END	1652210772800
REQUEST		producto	1652210761778	1652210772878	OK	 
USER	producto por codigo	END	1652210772879
REQUEST		producto	1652210761762	1652210772958	OK	 
USER	producto por codigo	END	1652210772959
REQUEST		producto	1652210761429	1652210772984	OK	 
USER	producto por codigo	END	1652210772985
REQUEST		producto	1652210761660	1652210773041	OK	 
USER	producto por codigo	END	1652210773042
REQUEST		producto	1652210761508	1652210773061	OK	 
USER	producto por codigo	END	1652210773062
REQUEST		producto	1652210761431	1652210773073	OK	 
USER	producto por codigo	END	1652210773074
REQUEST		producto	1652210761746	1652210773084	OK	 
USER	producto por codigo	END	1652210773085
REQUEST		producto	1652210761760	1652210773094	OK	 
USER	producto por codigo	END	1652210773095
REQUEST		producto	1652210761564	1652210773149	OK	 
USER	producto por codigo	END	1652210773150
REQUEST		producto	1652210761559	1652210773179	OK	 
USER	producto por codigo	END	1652210773180
REQUEST		producto	1652210761555	1652210773193	OK	 
USER	producto por codigo	END	1652210773194
REQUEST		producto	1652210761763	1652210773238	OK	 
USER	producto por codigo	END	1652210773238
REQUEST		producto	1652210761554	1652210773267	OK	 
USER	producto por codigo	END	1652210773268
REQUEST		producto	1652210761777	1652210773374	OK	 
USER	producto por codigo	END	1652210773374
REQUEST		producto	1652210761612	1652210773474	OK	 
USER	producto por codigo	END	1652210773475
REQUEST		producto	1652210761711	1652210773551	OK	 
USER	producto por codigo	END	1652210773552
REQUEST		producto	1652210761775	1652210773619	OK	 
USER	producto por codigo	END	1652210773620
REQUEST		producto	1652210761615	1652210773634	OK	 
USER	producto por codigo	END	1652210773635
REQUEST		producto	1652210761569	1652210773641	OK	 
USER	producto por codigo	END	1652210773641
REQUEST		producto	1652210761587	1652210773662	OK	 
USER	producto por codigo	END	1652210773662
REQUEST		producto	1652210761434	1652210773706	OK	 
USER	producto por codigo	END	1652210773707
REQUEST		producto	1652210761428	1652210773749	OK	 
USER	producto por codigo	END	1652210773750
REQUEST		producto	1652210761557	1652210773765	OK	 
USER	producto por codigo	END	1652210773766
REQUEST		producto	1652210761758	1652210773777	OK	 
USER	producto por codigo	END	1652210773778
REQUEST		producto	1652210761560	1652210773796	OK	 
USER	producto por codigo	END	1652210773796
REQUEST		producto	1652210761565	1652210773809	OK	 
USER	producto por codigo	END	1652210773810
REQUEST		producto	1652210761617	1652210773868	OK	 
USER	producto por codigo	END	1652210773868
REQUEST		producto	1652210761791	1652210773897	OK	 
USER	producto por codigo	END	1652210773898
REQUEST		producto	1652210761562	1652210773915	OK	 
USER	producto por codigo	END	1652210773916
REQUEST		producto	1652210761613	1652210773959	OK	 
USER	producto por codigo	END	1652210773960
REQUEST		producto	1652210761643	1652210774072	OK	 
USER	producto por codigo	END	1652210774072
REQUEST		producto	1652210761618	1652210774081	OK	 
USER	producto por codigo	END	1652210774081
REQUEST		producto	1652210761588	1652210774109	OK	 
USER	producto por codigo	END	1652210774110
REQUEST		producto	1652210761646	1652210774127	OK	 
USER	producto por codigo	END	1652210774127
REQUEST		producto	1652210761590	1652210774141	OK	 
USER	producto por codigo	END	1652210774142
REQUEST		producto	1652210761626	1652210774164	OK	 
USER	producto por codigo	END	1652210774165
REQUEST		producto	1652210761625	1652210774206	OK	 
USER	producto por codigo	END	1652210774207
REQUEST		producto	1652210761868	1652210774227	OK	 
USER	producto por codigo	END	1652210774228
REQUEST		producto	1652210761861	1652210774314	OK	 
USER	producto por codigo	END	1652210774314
REQUEST		producto	1652210761645	1652210774336	OK	 
USER	producto por codigo	END	1652210774337
REQUEST		producto	1652210761850	1652210774399	OK	 
USER	producto por codigo	END	1652210774400
REQUEST		producto	1652210761437	1652210774422	OK	 
USER	producto por codigo	END	1652210774423
REQUEST		producto	1652210761776	1652210774505	OK	 
USER	producto por codigo	END	1652210774506
REQUEST		producto	1652210761624	1652210774640	OK	 
USER	producto por codigo	END	1652210774641
REQUEST		producto	1652210761601	1652210774649	OK	 
USER	producto por codigo	END	1652210774649
REQUEST		producto	1652210761627	1652210774784	OK	 
USER	producto por codigo	END	1652210774785
REQUEST		producto	1652210761820	1652210774811	OK	 
USER	producto por codigo	END	1652210774811
REQUEST		producto	1652210761780	1652210774848	OK	 
USER	producto por codigo	END	1652210774849
REQUEST		producto	1652210761688	1652210774866	OK	 
USER	producto por codigo	END	1652210774867
REQUEST		producto	1652210761811	1652210774879	OK	 
USER	producto por codigo	END	1652210774879
REQUEST		producto	1652210761819	1652210774906	OK	 
USER	producto por codigo	END	1652210774908
REQUEST		producto	1652210761814	1652210774918	OK	 
USER	producto por codigo	END	1652210774919
REQUEST		producto	1652210761863	1652210774929	OK	 
USER	producto por codigo	END	1652210774930
REQUEST		producto	1652210761815	1652210774945	OK	 
USER	producto por codigo	END	1652210774947
REQUEST		producto	1652210761754	1652210774964	OK	 
USER	producto por codigo	END	1652210774965
REQUEST		producto	1652210761619	1652210774986	OK	 
USER	producto por codigo	END	1652210774987
REQUEST		producto	1652210761809	1652210775052	OK	 
USER	producto por codigo	END	1652210775052
REQUEST		producto	1652210761724	1652210775061	OK	 
USER	producto por codigo	END	1652210775062
REQUEST		producto	1652210761817	1652210776580	OK	 
USER	producto por codigo	END	1652210776581
REQUEST		producto	1652210761840	1652210776629	OK	 
USER	producto por codigo	END	1652210776630
REQUEST		producto	1652210761790	1652210776675	OK	 
USER	producto por codigo	END	1652210776675
REQUEST		producto	1652210761841	1652210776718	OK	 
USER	producto por codigo	END	1652210776718
REQUEST		producto	1652210761791	1652210776757	OK	 
USER	producto por codigo	END	1652210776758
REQUEST		producto	1652210761855	1652210776787	OK	 
USER	producto por codigo	END	1652210776788
REQUEST		producto	1652210761925	1652210776796	OK	 
USER	producto por codigo	END	1652210776796
REQUEST		producto	1652210761845	1652210776816	OK	 
USER	producto por codigo	END	1652210776817
REQUEST		producto	1652210761777	1652210776832	OK	 
USER	producto por codigo	END	1652210776833
REQUEST		producto	1652210761852	1652210776842	OK	 
USER	producto por codigo	END	1652210776843
REQUEST		producto	1652210761842	1652210776864	OK	 
USER	producto por codigo	END	1652210776865
REQUEST		producto	1652210761854	1652210776874	OK	 
USER	producto por codigo	END	1652210776875
REQUEST		producto	1652210761865	1652210776893	OK	 
USER	producto por codigo	END	1652210776894
REQUEST		producto	1652210761802	1652210776908	OK	 
USER	producto por codigo	END	1652210776909
REQUEST		producto	1652210761647	1652210776921	OK	 
USER	producto por codigo	END	1652210776923
REQUEST		producto	1652210761869	1652210777156	OK	 
USER	producto por codigo	END	1652210777157
REQUEST		producto	1652210761797	1652210777206	OK	 
USER	producto por codigo	END	1652210777206
REQUEST		producto	1652210761864	1652210777215	OK	 
USER	producto por codigo	END	1652210777216
REQUEST		producto	1652210761886	1652210777233	OK	 
USER	producto por codigo	END	1652210777234
REQUEST		producto	1652210761640	1652210777250	OK	 
USER	producto por codigo	END	1652210777251
REQUEST		producto	1652210761650	1652210777257	OK	 
USER	producto por codigo	END	1652210777257
REQUEST		producto	1652210761805	1652210777290	OK	 
USER	producto por codigo	END	1652210777290
REQUEST		producto	1652210761878	1652210777303	OK	 
USER	producto por codigo	END	1652210777304
REQUEST		producto	1652210761937	1652210777323	OK	 
USER	producto por codigo	END	1652210777324
REQUEST		producto	1652210761846	1652210777342	OK	 
USER	producto por codigo	END	1652210777343
REQUEST		producto	1652210761801	1652210777556	OK	 
USER	producto por codigo	END	1652210777557
REQUEST		producto	1652210761885	1652210777590	OK	 
USER	producto por codigo	END	1652210777591
REQUEST		producto	1652210761795	1652210777621	OK	 
USER	producto por codigo	END	1652210777621
REQUEST		producto	1652210761888	1652210777666	OK	 
USER	producto por codigo	END	1652210777667
REQUEST		producto	1652210761935	1652210777704	OK	 
USER	producto por codigo	END	1652210777705
REQUEST		producto	1652210761944	1652210777736	OK	 
USER	producto por codigo	END	1652210777736
REQUEST		producto	1652210761857	1652210777775	OK	 
USER	producto por codigo	END	1652210777775
REQUEST		producto	1652210761874	1652210777814	OK	 
USER	producto por codigo	END	1652210777815
REQUEST		producto	1652210761787	1652210777832	OK	 
USER	producto por codigo	END	1652210777833
REQUEST		producto	1652210761279	1652210778060	OK	 
USER	producto por codigo	END	1652210778061
REQUEST		producto	1652210761853	1652210778113	OK	 
USER	producto por codigo	END	1652210778114
REQUEST		producto	1652210761779	1652210778141	OK	 
USER	producto por codigo	END	1652210778142
REQUEST		producto	1652210761927	1652210778147	OK	 
USER	producto por codigo	END	1652210778147
REQUEST		producto	1652210761796	1652210778165	OK	 
USER	producto por codigo	END	1652210778166
REQUEST		producto	1652210761931	1652210778180	OK	 
USER	producto por codigo	END	1652210778181
REQUEST		producto	1652210761855	1652210778197	OK	 
USER	producto por codigo	END	1652210778198
REQUEST		producto	1652210761371	1652210778227	OK	 
USER	producto por codigo	END	1652210778227
REQUEST		producto	1652210761367	1652210778238	OK	 
USER	producto por codigo	END	1652210778238
REQUEST		producto	1652210761786	1652210778274	OK	 
USER	producto por codigo	END	1652210778275
REQUEST		producto	1652210761368	1652210778287	OK	 
USER	producto por codigo	END	1652210778288
REQUEST		producto	1652210761929	1652210778303	OK	 
USER	producto por codigo	END	1652210778304
REQUEST		producto	1652210761397	1652210778313	OK	 
USER	producto por codigo	END	1652210778314
REQUEST		producto	1652210761372	1652210778325	OK	 
USER	producto por codigo	END	1652210778326
REQUEST		producto	1652210761837	1652210778345	OK	 
USER	producto por codigo	END	1652210778347
REQUEST		producto	1652210761464	1652210778354	OK	 
USER	producto por codigo	END	1652210778356
REQUEST		producto	1652210761577	1652210778374	OK	 
USER	producto por codigo	END	1652210778374
REQUEST		producto	1652210761490	1652210778391	OK	 
USER	producto por codigo	END	1652210778392
REQUEST		producto	1652210761541	1652210778417	OK	 
USER	producto por codigo	END	1652210778417
REQUEST		producto	1652210761540	1652210778462	OK	 
USER	producto por codigo	END	1652210778462
REQUEST		producto	1652210761393	1652210778477	OK	 
USER	producto por codigo	END	1652210778478
REQUEST		producto	1652210761398	1652210778488	OK	 
USER	producto por codigo	END	1652210778489
REQUEST		producto	1652210761940	1652210778509	OK	 
USER	producto por codigo	END	1652210778509
REQUEST		producto	1652210761443	1652210778537	OK	 
USER	producto por codigo	END	1652210778538
REQUEST		producto	1652210761857	1652210778570	OK	 
USER	producto por codigo	END	1652210778571
REQUEST		producto	1652210761442	1652210778585	OK	 
USER	producto por codigo	END	1652210778586
REQUEST		producto	1652210761856	1652210778596	OK	 
USER	producto por codigo	END	1652210778597
REQUEST		producto	1652210761444	1652210778635	OK	 
USER	producto por codigo	END	1652210778636
REQUEST		producto	1652210761445	1652210778654	OK	 
USER	producto por codigo	END	1652210778655
REQUEST		producto	1652210761491	1652210778717	OK	 
USER	producto por codigo	END	1652210778718
REQUEST		producto	1652210761446	1652210778726	OK	 
USER	producto por codigo	END	1652210778727
REQUEST		producto	1652210761646	1652210778736	OK	 
USER	producto por codigo	END	1652210778737
REQUEST		producto	1652210761448	1652210778757	OK	 
USER	producto por codigo	END	1652210778758
REQUEST		producto	1652210761592	1652210778781	OK	 
USER	producto por codigo	END	1652210778782
REQUEST		producto	1652210761902	1652210778843	OK	 
USER	producto por codigo	END	1652210778844
REQUEST		producto	1652210761594	1652210778859	OK	 
USER	producto por codigo	END	1652210778860
REQUEST		producto	1652210761861	1652210778872	OK	 
USER	producto por codigo	END	1652210778873
REQUEST		producto	1652210761867	1652210778929	OK	 
USER	producto por codigo	END	1652210778929
REQUEST		producto	1652210761590	1652210778945	OK	 
USER	producto por codigo	END	1652210778945
REQUEST		producto	1652210761859	1652210778970	OK	 
USER	producto por codigo	END	1652210778971
REQUEST		producto	1652210761904	1652210779037	OK	 
USER	producto por codigo	END	1652210779037
REQUEST		producto	1652210761860	1652210779080	OK	 
USER	producto por codigo	END	1652210779081
REQUEST		producto	1652210761627	1652210779095	OK	 
USER	producto por codigo	END	1652210779095
REQUEST		producto	1652210761628	1652210779127	OK	 
USER	producto por codigo	END	1652210779127
REQUEST		producto	1652210761630	1652210779146	OK	 
USER	producto por codigo	END	1652210779147
REQUEST		producto	1652210761827	1652210779174	OK	 
USER	producto por codigo	END	1652210779175
REQUEST		producto	1652210761843	1652210779186	OK	 
USER	producto por codigo	END	1652210779187
REQUEST		producto	1652210761939	1652210779226	OK	 
USER	producto por codigo	END	1652210779228
REQUEST		producto	1652210761802	1652210779245	OK	 
USER	producto por codigo	END	1652210779246
REQUEST		producto	1652210761938	1652210779255	OK	 
USER	producto por codigo	END	1652210779256
REQUEST		producto	1652210761930	1652210779266	OK	 
USER	producto por codigo	END	1652210779267
REQUEST		producto	1652210761922	1652210779303	OK	 
USER	producto por codigo	END	1652210779303
REQUEST		producto	1652210761900	1652210779313	OK	 
USER	producto por codigo	END	1652210779313
REQUEST		producto	1652210761932	1652210779333	OK	 
USER	producto por codigo	END	1652210779334
REQUEST		producto	1652210761659	1652210779355	OK	 
USER	producto por codigo	END	1652210779356
REQUEST		producto	1652210761941	1652210779366	OK	 
USER	producto por codigo	END	1652210779366
REQUEST		producto	1652210761928	1652210779391	OK	 
USER	producto por codigo	END	1652210779392
REQUEST		producto	1652210761903	1652210779411	OK	 
USER	producto por codigo	END	1652210779412
REQUEST		producto	1652210761624	1652210779444	OK	 
USER	producto por codigo	END	1652210779445
REQUEST		producto	1652210761822	1652210779481	OK	 
USER	producto por codigo	END	1652210779481
REQUEST		producto	1652210761923	1652210779491	OK	 
USER	producto por codigo	END	1652210779491
REQUEST		producto	1652210761903	1652210779509	OK	 
USER	producto por codigo	END	1652210779509
REQUEST		producto	1652210761649	1652210779522	OK	 
USER	producto por codigo	END	1652210779522
REQUEST		producto	1652210761902	1652210779537	OK	 
USER	producto por codigo	END	1652210779538
REQUEST		producto	1652210761922	1652210779544	OK	 
USER	producto por codigo	END	1652210779544
REQUEST		producto	1652210761796	1652210779555	OK	 
USER	producto por codigo	END	1652210779556
REQUEST		producto	1652210761786	1652210779575	OK	 
USER	producto por codigo	END	1652210779575
REQUEST		producto	1652210761921	1652210779582	OK	 
USER	producto por codigo	END	1652210779583
REQUEST		producto	1652210761843	1652210779591	OK	 
USER	producto por codigo	END	1652210779591
REQUEST		producto	1652210761812	1652210779624	OK	 
USER	producto por codigo	END	1652210779625
REQUEST		producto	1652210761920	1652210779632	OK	 
USER	producto por codigo	END	1652210779633
REQUEST		producto	1652210761658	1652210779657	OK	 
REQUEST		producto	1652210761829	1652210779659	OK	 
USER	producto por codigo	END	1652210779658
USER	producto por codigo	END	1652210779660
REQUEST		producto	1652210761865	1652210779676	OK	 
USER	producto por codigo	END	1652210779677
REQUEST		producto	1652210761803	1652210779737	OK	 
USER	producto por codigo	END	1652210779738
REQUEST		producto	1652210761637	1652210779780	OK	 
USER	producto por codigo	END	1652210779781
REQUEST		producto	1652210761793	1652210779787	OK	 
USER	producto por codigo	END	1652210779787
REQUEST		producto	1652210761788	1652210779807	OK	 
USER	producto por codigo	END	1652210779807
REQUEST		producto	1652210761798	1652210779816	OK	 
USER	producto por codigo	END	1652210779817
REQUEST		producto	1652210761904	1652210779832	OK	 
USER	producto por codigo	END	1652210779833
REQUEST		producto	1652210761942	1652210779884	OK	 
USER	producto por codigo	END	1652210779885
REQUEST		producto	1652210761862	1652210779893	OK	 
USER	producto por codigo	END	1652210779893
REQUEST		producto	1652210761879	1652210779931	OK	 
USER	producto por codigo	END	1652210779931
REQUEST		producto	1652210761794	1652210779942	OK	 
USER	producto por codigo	END	1652210779943
REQUEST		producto	1652210761793	1652210779952	OK	 
USER	producto por codigo	END	1652210779953
REQUEST		producto	1652210761924	1652210779971	OK	 
USER	producto por codigo	END	1652210779971
REQUEST		producto	1652210761832	1652210780041	OK	 
USER	producto por codigo	END	1652210780042
REQUEST		producto	1652210761894	1652210780097	OK	 
USER	producto por codigo	END	1652210780098
REQUEST		producto	1652210761492	1652210780131	OK	 
USER	producto por codigo	END	1652210780131
REQUEST		producto	1652210761789	1652210780150	OK	 
USER	producto por codigo	END	1652210780151
REQUEST		producto	1652210761626	1652210780228	OK	 
USER	producto por codigo	END	1652210780228
REQUEST		producto	1652210761826	1652210780248	OK	 
USER	producto por codigo	END	1652210780248
REQUEST		producto	1652210761645	1652210780289	OK	 
USER	producto por codigo	END	1652210780290
REQUEST		producto	1652210761862	1652210780316	OK	 
USER	producto por codigo	END	1652210780319
REQUEST		producto	1652210761789	1652210780366	OK	 
USER	producto por codigo	END	1652210780367
REQUEST		producto	1652210761834	1652210780434	OK	 
USER	producto por codigo	END	1652210780434
REQUEST		producto	1652210761369	1652210780473	OK	 
USER	producto por codigo	END	1652210780474
REQUEST		producto	1652210761898	1652210780503	OK	 
USER	producto por codigo	END	1652210780504
REQUEST		producto	1652210761845	1652210780569	OK	 
USER	producto por codigo	END	1652210780570
REQUEST		producto	1652210761797	1652210780632	OK	 
USER	producto por codigo	END	1652210780632
REQUEST		producto	1652210761910	1652210780641	OK	 
USER	producto por codigo	END	1652210780642
REQUEST		producto	1652210761882	1652210780659	OK	 
USER	producto por codigo	END	1652210780659
REQUEST		producto	1652210761892	1652210780668	OK	 
USER	producto por codigo	END	1652210780669
REQUEST		producto	1652210761631	1652210780729	OK	 
USER	producto por codigo	END	1652210780730
REQUEST		producto	1652210761839	1652210780747	OK	 
USER	producto por codigo	END	1652210780748
REQUEST		producto	1652210761785	1652210780790	OK	 
USER	producto por codigo	END	1652210780791
REQUEST		producto	1652210761912	1652210780854	OK	 
USER	producto por codigo	END	1652210780854
REQUEST		producto	1652210761396	1652210780867	OK	 
USER	producto por codigo	END	1652210780867
REQUEST		producto	1652210761946	1652210780883	OK	 
USER	producto por codigo	END	1652210780883
REQUEST		producto	1652210761945	1652210780905	OK	 
USER	producto por codigo	END	1652210780906
REQUEST		producto	1652210761947	1652210780945	OK	 
USER	producto por codigo	END	1652210780946
REQUEST		producto	1652210761914	1652210781038	OK	 
USER	producto por codigo	END	1652210781039
REQUEST		producto	1652210761773	1652210781051	OK	 
USER	producto por codigo	END	1652210781052
REQUEST		producto	1652210761394	1652210781129	OK	 
USER	producto por codigo	END	1652210781129
REQUEST		producto	1652210761443	1652210781138	OK	 
USER	producto por codigo	END	1652210781138
REQUEST		producto	1652210761911	1652210781224	OK	 
USER	producto por codigo	END	1652210781225
REQUEST		producto	1652210761906	1652210781246	OK	 
USER	producto por codigo	END	1652210781247
REQUEST		producto	1652210761858	1652210781370	OK	 
USER	producto por codigo	END	1652210781370
REQUEST		producto	1652210761830	1652210781380	OK	 
USER	producto por codigo	END	1652210781380
REQUEST		producto	1652210761657	1652210781410	OK	 
USER	producto por codigo	END	1652210781410
REQUEST		producto	1652210761644	1652210781420	OK	 
USER	producto por codigo	END	1652210781421
REQUEST		producto	1652210761574	1652210781438	OK	 
USER	producto por codigo	END	1652210781439
REQUEST		producto	1652210761858	1652210781480	OK	 
USER	producto por codigo	END	1652210781482
REQUEST		producto	1652210761608	1652210781489	OK	 
USER	producto por codigo	END	1652210781491
REQUEST		producto	1652210761401	1652210781511	OK	 
USER	producto por codigo	END	1652210781512
REQUEST		producto	1652210761440	1652210781569	OK	 
USER	producto por codigo	END	1652210781569
REQUEST		producto	1652210761867	1652210781606	OK	 
USER	producto por codigo	END	1652210781607
REQUEST		producto	1652210761851	1652210781626	OK	 
USER	producto por codigo	END	1652210781626
REQUEST		producto	1652210761866	1652210781696	OK	 
USER	producto por codigo	END	1652210781697
REQUEST		producto	1652210761587	1652210781733	OK	 
USER	producto por codigo	END	1652210781734
REQUEST		producto	1652210761669	1652210781737	OK	 
USER	producto por codigo	END	1652210781738
REQUEST		producto	1652210761870	1652210781760	OK	 
USER	producto por codigo	END	1652210781761
REQUEST		producto	1652210761528	1652210781764	OK	 
USER	producto por codigo	END	1652210781765
REQUEST		producto	1652210761873	1652210781784	OK	 
USER	producto por codigo	END	1652210781785
REQUEST		producto	1652210761603	1652210781823	OK	 
USER	producto por codigo	END	1652210781823
REQUEST		producto	1652210761489	1652210781851	OK	 
USER	producto por codigo	END	1652210781852
REQUEST		producto	1652210761908	1652210781919	OK	 
USER	producto por codigo	END	1652210781920
REQUEST		producto	1652210761404	1652210781929	OK	 
USER	producto por codigo	END	1652210781930
REQUEST		producto	1652210761411	1652210781941	OK	 
USER	producto por codigo	END	1652210781942
REQUEST		producto	1652210761568	1652210781950	OK	 
USER	producto por codigo	END	1652210781951
REQUEST		producto	1652210761660	1652210781960	OK	 
USER	producto por codigo	END	1652210781960
REQUEST		producto	1652210761586	1652210781988	OK	 
USER	producto por codigo	END	1652210781988
REQUEST		producto	1652210761390	1652210781999	OK	 
USER	producto por codigo	END	1652210782000
REQUEST		producto	1652210761396	1652210782002	OK	 
USER	producto por codigo	END	1652210782003
REQUEST		producto	1652210761279	1652210782014	OK	 
USER	producto por codigo	END	1652210782016
REQUEST		producto	1652210761864	1652210782020	OK	 
USER	producto por codigo	END	1652210782021
REQUEST		producto	1652210761876	1652210782040	OK	 
USER	producto por codigo	END	1652210782041
REQUEST		producto	1652210761602	1652210782049	OK	 
USER	producto por codigo	END	1652210782050
REQUEST		producto	1652210761905	1652210782059	OK	 
USER	producto por codigo	END	1652210782060
REQUEST		producto	1652210761851	1652210782061	OK	 
USER	producto por codigo	END	1652210782062
REQUEST		producto	1652210761455	1652210782077	OK	 
USER	producto por codigo	END	1652210782077
REQUEST		producto	1652210761564	1652210782081	OK	 
USER	producto por codigo	END	1652210782081
REQUEST		producto	1652210761863	1652210782167	OK	 
USER	producto por codigo	END	1652210782167
REQUEST		producto	1652210761675	1652210782285	OK	 
USER	producto por codigo	END	1652210782285
REQUEST		producto	1652210761413	1652210782287	OK	 
USER	producto por codigo	END	1652210782288
REQUEST		producto	1652210761609	1652210782297	OK	 
USER	producto por codigo	END	1652210782298
REQUEST		producto	1652210761803	1652210782308	OK	 
USER	producto por codigo	END	1652210782309
REQUEST		producto	1652210761658	1652210782315	OK	 
USER	producto por codigo	END	1652210782316
REQUEST		producto	1652210761665	1652210782328	OK	 
USER	producto por codigo	END	1652210782329
REQUEST		producto	1652210761505	1652210782335	OK	 
USER	producto por codigo	END	1652210782336
REQUEST		producto	1652210761918	1652210782346	OK	 
USER	producto por codigo	END	1652210782347
REQUEST		producto	1652210761848	1652210782354	OK	 
USER	producto por codigo	END	1652210782355
REQUEST		producto	1652210761930	1652210782363	OK	 
USER	producto por codigo	END	1652210782364
REQUEST		producto	1652210761847	1652210782376	OK	 
USER	producto por codigo	END	1652210782376
